{
  level: 'info',
  message: 'server running on port',
  label: 'Doctor Portal',
  timestamp: '08-10-2023, 1:17:16 AM'
}
{
  level: 'info',
  message: 'server running on port',
  label: 'Doctor Portal',
  timestamp: '08-10-2023, 1:17:44 AM'
}
{
  level: 'info',
  message: 'server running on port',
  label: 'Doctor Portal',
  timestamp: '08-10-2023, 1:33:13 AM'
}
{
  level: 'info',
  message: 'server running on port',
  label: 'Doctor Portal',
  timestamp: '08-10-2023, 1:35:38 AM'
}
{
  level: 'info',
  message: 'server running on port',
  label: 'Doctor Portal',
  timestamp: '08-10-2023, 1:36:24 AM'
}
{
  level: 'info',
  message: 'server running on port',
  label: 'Doctor Portal',
  timestamp: '08-10-2023, 1:41:43 AM'
}
{
  level: 'info',
  message: 'server running on port',
  label: 'Doctor Portal',
  timestamp: '08-10-2023, 1:41:43 AM'
}
{
  level: 'info',
  message: 'server running on port',
  label: 'Doctor Portal',
  timestamp: '08-10-2023, 1:41:52 AM'
}
{
  level: 'info',
  message: 'server running on port',
  label: 'Doctor Portal',
  timestamp: '08-10-2023, 1:41:53 AM'
}
{
  level: 'info',
  message: 'server running on port',
  label: 'Doctor Portal',
  timestamp: '08-10-2023, 1:41:53 AM'
}
{
  level: 'info',
  message: 'server running on port',
  label: 'Doctor Portal',
  timestamp: '08-10-2023, 1:45:11 AM'
}
{
  level: 'info',
  message: 'server running on port',
  label: 'Doctor Portal',
  timestamp: '08-10-2023, 1:45:23 AM'
}
{
  level: 'info',
  message: 'server running on port',
  label: 'Doctor Portal',
  timestamp: '08-10-2023, 1:46:36 AM'
}
{
  level: 'info',
  message: 'server running on port',
  label: 'Doctor Portal',
  timestamp: '08-10-2023, 1:46:39 AM'
}
{
  level: 'info',
  message: 'server running on port',
  label: 'Doctor Portal',
  timestamp: '08-10-2023, 1:48:27 AM'
}
{
  level: 'info',
  message: 'server running on port',
  label: 'Doctor Portal',
  timestamp: '08-10-2023, 1:51:02 AM'
}
{
  level: 'info',
  message: 'server running on port',
  label: 'Doctor Portal',
  timestamp: '08-10-2023, 1:51:02 AM'
}
{
  level: 'info',
  message: 'server running on port',
  label: 'Doctor Portal',
  timestamp: '08-10-2023, 1:51:03 AM'
}
{
  level: 'info',
  message: 'server running on port',
  label: 'Doctor Portal',
  timestamp: '08-10-2023, 1:51:07 AM'
}
{
  level: 'info',
  message: 'server running on port',
  label: 'Doctor Portal',
  timestamp: '08-10-2023, 1:51:07 AM'
}
{
  level: 'info',
  message: 'server running on port',
  label: 'Doctor Portal',
  timestamp: '08-10-2023, 1:52:45 AM'
}
{
  level: 'info',
  message: 'server running on port',
  label: 'Doctor Portal',
  timestamp: '08-10-2023, 1:52:46 AM'
}
{
  level: 'info',
  message: 'server running on port',
  label: 'Doctor Portal',
  timestamp: '08-10-2023, 1:54:35 AM'
}
{
  level: 'info',
  message: 'server running on port',
  label: 'Doctor Portal',
  timestamp: '08-10-2023, 1:56:50 AM'
}
{
  level: 'info',
  message: 'server running on port',
  label: 'Doctor Portal',
  timestamp: '08-10-2023, 1:57:34 AM'
}
{
  level: 'info',
  message: 'server running on port',
  label: 'Doctor Portal',
  timestamp: '08-10-2023, 1:57:48 AM'
}
{
  level: 'info',
  message: 'server running on port',
  label: 'Doctor Portal',
  timestamp: '08-10-2023, 1:57:49 AM'
}
{
  level: 'info',
  message: 'server running on port',
  label: 'Doctor Portal',
  timestamp: '08-10-2023, 1:57:56 AM'
}
{
  level: 'info',
  message: 'server running on port',
  label: 'Doctor Portal',
  timestamp: '08-10-2023, 1:57:56 AM'
}
{
  level: 'info',
  message: 'server running on port',
  label: 'Doctor Portal',
  timestamp: '08-10-2023, 1:58:02 AM'
}
{
  level: 'info',
  message: 'server running on port',
  label: 'Doctor Portal',
  timestamp: '08-10-2023, 1:58:02 AM'
}
