{
  statusCode: 409,
  level: 'error',
  message: 'Global Error Handler: This doctor has already added in our portal',
  stack: 'Error: This doctor has already added in our portal\n' +
    '    at C:\\Users\\engrr\\OneDrive\\Desktop\\doctor_portal\\doctorportal_server_rebuild\\src\\app\\modules\\doctor\\doctor.service.ts:12:11\n' +
    '    at Generator.next (<anonymous>)\n' +
    '    at fulfilled (C:\\Users\\engrr\\OneDrive\\Desktop\\doctor_portal\\doctorportal_server_rebuild\\src\\app\\modules\\doctor\\doctor.service.ts:5:58)',
  label: 'doctor_portal',
  timestamp: '08-10-2023, 2:05:17 AM'
}
{
  statusCode: 409,
  level: 'error',
  message: 'Global Error Handler: This doctor has already added in our portal',
  stack: 'Error: This doctor has already added in our portal\n' +
    '    at C:\\Users\\engrr\\OneDrive\\Desktop\\doctor_portal\\doctorportal_server_rebuild\\src\\app\\modules\\doctor\\doctor.service.ts:12:11\n' +
    '    at Generator.next (<anonymous>)\n' +
    '    at fulfilled (C:\\Users\\engrr\\OneDrive\\Desktop\\doctor_portal\\doctorportal_server_rebuild\\src\\app\\modules\\doctor\\doctor.service.ts:5:58)',
  label: 'doctor_portal',
  timestamp: '08-10-2023, 2:07:35 AM'
}
